UG to STEP
! INFO-     NX STEP AP242 - V2007
! INFO-      
! INFO-     Start of Translation: 16-JAN-2024  7:33:46 PM
! INFO-      
! STATUS-   Converting Part: E:\Note\Study\DGripper\model\硅胶模具.prt
! STATUS-    
! STATUS-   Converting to Output Form (Phase 2 of 3): 16-JAN-2024 7:33:46 PM
! STATUS-    
! INFO-     Bspline aprx. value in effect for this translation :0.000025  meters 
! INFO-      
! INFO-           Summary of STEP Entities 
! INFO-      
! INFO-     Entity Type                                                   Count 
! INFO-     -----------                                                   ------ 
! INFO-     advanced_brep_shape_representation .......................:   1 
! INFO-     advanced_face ............................................:   13 
! INFO-     application_context ......................................:   1 
! INFO-     application_protocol_definition ..........................:   1 
! INFO-     axis2_placement_3d .......................................:   55 
! INFO-     b_spline_curve_with_knots ................................:   8 
! INFO-     camera_model_d3 ..........................................:   8 
! INFO-     cartesian_point ..........................................:   127 
! INFO-     circle ...................................................:   25 
! INFO-     closed_shell .............................................:   1 
! INFO-     colour_rgb ...............................................:   1 
! INFO-     curve_style ..............................................:   9 
! INFO-     cylindrical_surface ......................................:   5 
! INFO-     default_model_geometric_view .............................:   1 
! INFO-     direction ................................................:   114 
! INFO-     draughting_model .........................................:   9 
! INFO-     draughting_pre_defined_colour ............................:   1 
! INFO-     draughting_pre_defined_curve_font ........................:   9 
! INFO-     edge_curve ...............................................:   28 
! INFO-     edge_loop ................................................:   18 
! INFO-     face_bound ...............................................:   18 
! INFO-     fill_area_style ..........................................:   1 
! INFO-     fill_area_style_colour ...................................:   1 
! INFO-     geometrically_bounded_wireframe_shape_representation .....:   1 
! INFO-     geometric_curve_set ......................................:   6 
! INFO-     geometric_representation_context_and_global_uncertainty_a :   1 
! INFO-     length_unit_and_si_unit ..................................:   1 
! INFO-     line .....................................................:   4 
! INFO-     manifold_solid_brep ......................................:   1 
! INFO-     mapped_item ..............................................:   9 
! INFO-     mechanical_design_and_draughting_relationship ............:   8 
! INFO-     mechanical_design_geometric_presentation_representation ..:   1 
! INFO-     oriented_edge ............................................:   56 
! INFO-     planar_box ...............................................:   8 
! INFO-     plane ....................................................:   4 
! INFO-     plane_angle_unit_and_si_unit .............................:   1 
! INFO-     presentation_style_assignment ............................:   10 
! INFO-     product ..................................................:   1 
! INFO-     product_category .........................................:   1 
! INFO-     product_context ..........................................:   1 
! INFO-     product_definition .......................................:   1 
! INFO-     product_definition_context ...............................:   1 
! INFO-     product_definition_formation_with_specified_source .......:   1 
! INFO-     product_definition_shape .................................:   1 
! INFO-     product_related_product_category .........................:   1 
! INFO-     representation_map .......................................:   9 
! INFO-     shape_definition_representation ..........................:   1 
! INFO-     shape_representation .....................................:   1 
! INFO-     shape_representation_relationship ........................:   2 
! INFO-     si_unit_and_solid_angle_unit .............................:   1 
! INFO-     styled_item ..............................................:   10 
! INFO-     surface_side_style .......................................:   1 
! INFO-     surface_style_fill_area ..................................:   1 
! INFO-     surface_style_usage ......................................:   1 
! INFO-     toroidal_surface .........................................:   4 
! INFO-     trimmed_curve ............................................:   9 
! INFO-     uncertainty_measure_with_unit ............................:   1 
! INFO-     vector ...................................................:   4 
! INFO-     vertex_point .............................................:   20 
! INFO-     view_volume ..............................................:   8 
! INFO-                                                                  ------- 
! INFO-     Total                                                         647 
! INFO-      
! INFO-     End of Translation: 16-JAN-2024  7:33:47 PM
! INFO-      
