#
# There is insufficient memory for the Java Runtime Environment to continue.
# Native memory allocation (mmap) failed to map 31457280 bytes for G1 virtual space
# Possible reasons:
#   The system is out of physical RAM or swap space
#   The process is running with CompressedOops enabled, and the Java Heap may be blocking the growth of the native heap
# Possible solutions:
#   Reduce memory load on the system
#   Increase physical memory or swap space
#   Check if swap backing store is full
#   Decrease Java heap size (-Xmx/-Xms)
#   Decrease number of Java threads
#   Decrease Java thread stack sizes (-Xss)
#   Set larger code cache with -XX:ReservedCodeCacheSize=
#   JVM is running with Zero Based Compressed Oops mode in which the Java heap is
#     placed in the first 32GB address space. The Java Heap base address is the
#     maximum limit for the native heap growth. Please use -XX:HeapBaseMinAddress
#     to set the Java Heap base and to place the Java Heap above 32GB virtual address.
# This output file may be truncated or incomplete.
#
#  Out of Memory Error (os_windows.cpp:3557), pid=30056, tid=5940
#
# JRE version: OpenJDK Runtime Environment Temurin-17.0.6+10 (17.0.6+10) (build 17.0.6+10)
# Java VM: OpenJDK 64-Bit Server VM Temurin-17.0.6+10 (17.0.6+10, mixed mode, tiered, compressed oops, compressed class ptrs, g1 gc, windows-amd64)
# No core dump will be written. Minidumps are not enabled by default on client versions of Windows
#

---------------  S U M M A R Y ------------

Command Line: -Djavax.net.ssl.trustStoreType=WINDOWS-ROOT com.st.microxplorer.maingui.STM32CubeMX D:\WORK\D-Gripper\newGitRepo\Hardware_Driver\N20\STM32\STM32.ioc

Host: 13th Gen Intel(R) Core(TM) i5-13500H, 16 cores, 15G,  Windows 11 , 64 bit Build 22621 (10.0.22621.2506)
Time: Tue Dec 12 23:07:15 2023  Windows 11 , 64 bit Build 22621 (10.0.22621.2506) elapsed time: 4.927268 seconds (0d 0h 0m 4s)

---------------  T H R E A D  ---------------

Current thread (0x000002894c456710):  VMThread "VM Thread" [stack: 0x0000008ccce00000,0x0000008cccf00000] [id=5940]

Stack: [0x0000008ccce00000,0x0000008cccf00000]
Native frames: (J=compiled Java code, j=interpreted, Vv=VM code, C=native code)
V  [jvm.dll+0x67741a]
V  [jvm.dll+0x834434]
V  [jvm.dll+0x835bde]
V  [jvm.dll+0x836243]
V  [jvm.dll+0x2457b5]
V  [jvm.dll+0x674329]
V  [jvm.dll+0x6689da]
V  [jvm.dll+0x30489b]
V  [jvm.dll+0x30bd96]
V  [jvm.dll+0x35b57e]
V  [jvm.dll+0x35b7af]
V  [jvm.dll+0x2db778]
V  [jvm.dll+0x2d9a2c]
V  [jvm.dll+0x2d8ffc]
V  [jvm.dll+0x31cdcb]
V  [jvm.dll+0x83a6eb]
V  [jvm.dll+0x83b424]
V  [jvm.dll+0x83b93c]
V  [jvm.dll+0x83bd14]
V  [jvm.dll+0x83bde0]
V  [jvm.dll+0x7e483a]
V  [jvm.dll+0x6762c5]
C  [ucrtbase.dll+0x29363]
C  [KERNEL32.DLL+0x1257d]
C  [ntdll.dll+0x5aa58]

VM_Operation (0x0000008ccf8fe7a0): G1CollectForAllocation, mode: safepoint, requested by thread 0x000002894e919dc0


---------------  P R O C E S S  ---------------

Threads class SMR info:
_java_thread_list=0x0000028953c2b3e0, length=42, elements={
0x000002894c478530, 0x000002894c4793a0, 0x000002894c4b3100, 0x000002894c4b4bd0,
0x000002894c4d0300, 0x000002894c4d0bc0, 0x000002894c4dce60, 0x000002894c4dd900,
0x000002894c4e8ad0, 0x000002894c65d060, 0x000002894c65f580, 0x000002894c6ad720,
0x000002894c6b27d0, 0x000002894ca4b470, 0x000002894ccbe380, 0x000002894cf82990,
0x000002894dd954e0, 0x000002894e3327a0, 0x000002894e3611b0, 0x000002894e9180e0,
0x000002894e918f50, 0x000002894e91a760, 0x000002894e919dc0, 0x000002894e917740,
0x0000028951a5fe00, 0x0000028951a62950, 0x0000028951a65970, 0x0000028951a602d0,
0x0000028951a64160, 0x0000028951a61fb0, 0x0000028951a64b00, 0x0000028951a607a0,
0x00000289515fe5b0, 0x0000028951a62480, 0x0000028951a63c90, 0x0000028951a64630,
0x0000028951600e30, 0x0000028951600410, 0x00000289515ff9f0, 0x0000028951600920,
0x0000028951601340, 0x0000028951601850
}

Java Threads: ( => current thread )
  0x000002894c478530 JavaThread "Reference Handler" daemon [_thread_blocked, id=11400, stack(0x0000008cccf00000,0x0000008ccd000000)]
  0x000002894c4793a0 JavaThread "Finalizer" daemon [_thread_blocked, id=30116, stack(0x0000008ccd000000,0x0000008ccd100000)]
  0x000002894c4b3100 JavaThread "Signal Dispatcher" daemon [_thread_blocked, id=11100, stack(0x0000008ccd100000,0x0000008ccd200000)]
  0x000002894c4b4bd0 JavaThread "Attach Listener" daemon [_thread_blocked, id=12692, stack(0x0000008ccd200000,0x0000008ccd300000)]
  0x000002894c4d0300 JavaThread "Service Thread" daemon [_thread_blocked, id=27476, stack(0x0000008ccd300000,0x0000008ccd400000)]
  0x000002894c4d0bc0 JavaThread "Monitor Deflation Thread" daemon [_thread_blocked, id=12740, stack(0x0000008ccd400000,0x0000008ccd500000)]
  0x000002894c4dce60 JavaThread "C2 CompilerThread0" daemon [_thread_blocked, id=18964, stack(0x0000008ccd500000,0x0000008ccd600000)]
  0x000002894c4dd900 JavaThread "C1 CompilerThread0" daemon [_thread_blocked, id=10884, stack(0x0000008ccd600000,0x0000008ccd700000)]
  0x000002894c4e8ad0 JavaThread "Sweeper thread" daemon [_thread_blocked, id=22620, stack(0x0000008ccd700000,0x0000008ccd800000)]
  0x000002894c65d060 JavaThread "C1 CompilerThread1" daemon [_thread_blocked, id=24788, stack(0x0000008ccd800000,0x0000008ccd900000)]
  0x000002894c65f580 JavaThread "C1 CompilerThread2" daemon [_thread_blocked, id=2712, stack(0x0000008ccd900000,0x0000008ccda00000)]
  0x000002894c6ad720 JavaThread "Notification Thread" daemon [_thread_blocked, id=27444, stack(0x0000008ccda00000,0x0000008ccdb00000)]
  0x000002894c6b27d0 JavaThread "Common-Cleaner" daemon [_thread_blocked, id=26612, stack(0x0000008ccdc00000,0x0000008ccdd00000)]
  0x000002894ca4b470 JavaThread "C1 CompilerThread3" daemon [_thread_blocked, id=29688, stack(0x0000008ccde00000,0x0000008ccdf00000)]
  0x000002894ccbe380 JavaThread "Java2D Disposer" daemon [_thread_blocked, id=12400, stack(0x0000008cce600000,0x0000008cce700000)]
  0x000002894cf82990 JavaThread "AWT-Shutdown" [_thread_blocked, id=3272, stack(0x0000008cce700000,0x0000008cce800000)]
  0x000002894dd954e0 JavaThread "AWT-Windows" daemon [_thread_blocked, id=23592, stack(0x0000008cce800000,0x0000008cce900000)]
  0x000002894e3327a0 JavaThread "AWT-EventQueue-0" [_thread_blocked, id=27660, stack(0x0000008ccee00000,0x0000008ccef00000)]
  0x000002894e3611b0 JavaThread "SplashThread" [_thread_blocked, id=3248, stack(0x0000008ccef00000,0x0000008ccf000000)]
  0x000002894e9180e0 JavaThread "DestroyJavaVM" [_thread_blocked, id=28728, stack(0x0000008ccc800000,0x0000008ccc900000)]
  0x000002894e918f50 JavaThread "Thread-0" [_thread_in_native, id=29084, stack(0x0000008ccf400000,0x0000008ccf500000)]
  0x000002894e91a760 JavaThread "Image Fetcher 3" daemon [_thread_blocked, id=31124, stack(0x0000008ccf500000,0x0000008ccf600000)]
  0x000002894e919dc0 JavaThread "thirdparty-integrity-check" [_thread_blocked, id=24156, stack(0x0000008ccf800000,0x0000008ccf900000)]
  0x000002894e917740 JavaThread "TimerQueue" daemon [_thread_blocked, id=18704, stack(0x0000008ccf900000,0x0000008ccfa00000)]
  0x0000028951a5fe00 JavaThread "Keep-Alive-Timer" daemon [_thread_blocked, id=31476, stack(0x0000008ccf700000,0x0000008ccf800000)]
  0x0000028951a62950 JavaThread "Thread-2" [_thread_blocked, id=26132, stack(0x0000008ccfb00000,0x0000008ccfc00000)]
  0x0000028951a65970 JavaThread "IPC Server Thread" daemon [_thread_in_native, id=20400, stack(0x0000008ccff00000,0x0000008cd0000000)]
  0x0000028951a602d0 JavaThread "Chromium Process Thread" [_thread_in_native, id=28996, stack(0x0000008cd0000000,0x0000008cd0100000)]
  0x0000028951a64160 JavaThread "Chromium Process Logger" daemon [_thread_blocked, id=27372, stack(0x0000008ccfd00000,0x0000008ccfe00000)]
  0x0000028951a61fb0 JavaThread "IPC Memory Reader Thread" [_thread_in_native, id=27796, stack(0x0000008cd0200000,0x0000008cd0300000)]
  0x0000028951a64b00 JavaThread "Browser Thread: fc7759eb-0c96-4720-8c6b-dbc5bf8162f8" daemon [_thread_blocked, id=6204, stack(0x0000008cd0300000,0x0000008cd0400000)]
  0x0000028951a607a0 JavaThread "Socket Connection Checker: fc7759eb-0c96-4720-8c6b-dbc5bf8162f8" [_thread_in_native, id=28568, stack(0x0000008ccdd00000,0x0000008ccde00000)]
  0x00000289515fe5b0 JavaThread "C2 CompilerThread1" daemon [_thread_in_native, id=13740, stack(0x0000008ccfa00000,0x0000008ccfb00000)]
  0x0000028951a62480 JavaThread "GPU Thread: c050c147-bf1f-446a-9c46-cb9c239f3b73" daemon [_thread_blocked, id=29368, stack(0x0000008cd0600000,0x0000008cd0700000)]
  0x0000028951a63c90 JavaThread "IPC Memory Reader Thread" [_thread_in_native, id=29612, stack(0x0000008cd0500000,0x0000008cd0600000)]
  0x0000028951a64630 JavaThread "Socket Connection Checker: c050c147-bf1f-446a-9c46-cb9c239f3b73" [_thread_in_native, id=25332, stack(0x0000008cd0700000,0x0000008cd0800000)]
  0x0000028951600e30 JavaThread "C2 CompilerThread2" daemon [_thread_in_native, id=26592, stack(0x0000008cd0800000,0x0000008cd0900000)]
  0x0000028951600410 JavaThread "C2 CompilerThread3" daemon [_thread_in_native, id=1052, stack(0x0000008cd0900000,0x0000008cd0a00000)]
  0x00000289515ff9f0 JavaThread "C2 CompilerThread4" daemon [_thread_blocked, id=30396, stack(0x0000008cd0a00000,0x0000008cd0b00000)]
  0x0000028951600920 JavaThread "C2 CompilerThread5" daemon [_thread_blocked, id=24960, stack(0x0000008cd0b00000,0x0000008cd0c00000)]
  0x0000028951601340 JavaThread "C2 CompilerThread6" daemon [_thread_blocked, id=23636, stack(0x0000008cd0c00000,0x0000008cd0d00000)]
  0x0000028951601850 JavaThread "C2 CompilerThread7" daemon [_thread_blocked, id=30784, stack(0x0000008cd0d00000,0x0000008cd0e00000)]

Other Threads:
=>0x000002894c456710 VMThread "VM Thread" [stack: 0x0000008ccce00000,0x0000008cccf00000] [id=5940]
  0x0000028927b7b710 WatcherThread [stack: 0x0000008ccdb00000,0x0000008ccdc00000] [id=22396]
  0x0000028927b5e680 GCTaskThread "GC Thread#0" [stack: 0x0000008ccc900000,0x0000008ccca00000] [id=28652]
  0x000002894ca6aac0 GCTaskThread "GC Thread#1" [stack: 0x0000008ccdf00000,0x0000008cce000000] [id=14448]
  0x000002894ca6a560 GCTaskThread "GC Thread#2" [stack: 0x0000008cce000000,0x0000008cce100000] [id=27904]
  0x000002894ca697f0 GCTaskThread "GC Thread#3" [stack: 0x0000008cce100000,0x0000008cce200000] [id=30796]
  0x000002894ca6ad70 GCTaskThread "GC Thread#4" [stack: 0x0000008cce200000,0x0000008cce300000] [id=26152]
  0x000002894ca6b020 GCTaskThread "GC Thread#5" [stack: 0x0000008cce300000,0x0000008cce400000] [id=22464]
  0x000002894ca69d50 GCTaskThread "GC Thread#6" [stack: 0x0000008cce400000,0x0000008cce500000] [id=19204]
  0x000002894ca6b2d0 GCTaskThread "GC Thread#7" [stack: 0x0000008cce500000,0x0000008cce600000] [id=23940]
  0x000002894ddb6d00 GCTaskThread "GC Thread#8" [stack: 0x0000008cce900000,0x0000008ccea00000] [id=5280]
  0x000002894ddb3740 GCTaskThread "GC Thread#9" [stack: 0x0000008ccea00000,0x0000008cceb00000] [id=31120]
  0x000002894ddb4200 GCTaskThread "GC Thread#10" [stack: 0x0000008cceb00000,0x0000008ccec00000] [id=3316]
  0x000002894ddb4a10 GCTaskThread "GC Thread#11" [stack: 0x0000008ccf100000,0x0000008ccf200000] [id=22184]
  0x000002894ddb6a50 GCTaskThread "GC Thread#12" [stack: 0x0000008ccf200000,0x0000008ccf300000] [id=28448]
  0x0000028927b6f180 ConcurrentGCThread "G1 Main Marker" [stack: 0x0000008ccca00000,0x0000008cccb00000] [id=15636]
  0x0000028927b70330 ConcurrentGCThread "G1 Conc#0" [stack: 0x0000008cccb00000,0x0000008cccc00000] [id=11220]
  0x000002894ddb5ce0 ConcurrentGCThread "G1 Conc#1" [stack: 0x0000008ccec00000,0x0000008cced00000] [id=2280]
  0x000002894ddb4760 ConcurrentGCThread "G1 Conc#2" [stack: 0x0000008cced00000,0x0000008ccee00000] [id=25224]
  0x0000028927baecd0 ConcurrentGCThread "G1 Refine#0" [stack: 0x0000008cccc00000,0x0000008cccd00000] [id=3140]
  0x000002894ba6e970 ConcurrentGCThread "G1 Service" [stack: 0x0000008cccd00000,0x0000008ccce00000] [id=16456]

Threads with active compile tasks:
C2 CompilerThread0     4943 6846   !   4       com.st.ipmodeconfigmanager.engine.ConditionMgr::parseTest (154 bytes)
C1 CompilerThread2     4943 6895       3       com.st.ipmodeconfigmanager.xml.MxPackages::generateSemaphoreName (116 bytes)
C2 CompilerThread1     4943 6443       4       org.apache.xerces.impl.XMLDocumentFragmentScannerImpl::scanStartElement (316 bytes)
C2 CompilerThread2     4943 6834       4       com.st.ipmodeconfigmanager.xml.MxPackages::normalizePdscString (106 bytes)
C2 CompilerThread3     4943 6843       4       com.st.ipmodeconfigmanager.engine.ConditionMgr::parseTest (1337 bytes)
C2 CompilerThread4     4943 6860 %     4       org.apache.commons.lang3.StringUtils::isNumeric @ 24 (52 bytes)
C2 CompilerThread5     4943 6844       4       com.st.ipmodeconfigmanager.engine.ConditionMgr::parseTestList (38 bytes)
C2 CompilerThread6     4943 6677       4       com.st.ipmodeconfigmanager.xml.FilterComponent::isEqual (316 bytes)
C2 CompilerThread7     4943 6848       4       com.st.ipmodeconfigmanager.xml.FilterComponent::<init> (330 bytes)

VM state: at safepoint (normal execution)

VM Mutex/Monitor currently owned by a thread:  ([mutex/lock_event])
[0x0000028927af1890] Threads_lock - owner thread: 0x000002894c456710
[0x0000028927af19b0] Heap_lock - owner thread: 0x000002894e919dc0

Heap address: 0x0000000704400000, size: 4028 MB, Compressed Oops mode: Zero based, Oop shift amount: 3

CDS archive(s) not mapped
Compressed class space mapped at: 0x0000000800000000-0x0000000840000000, reserved size: 1073741824
Narrow klass base: 0x0000000800000000, Narrow klass shift: 0, Narrow klass range: 0x40000000

GC Precious Log:
 CPUs: 16 total, 16 available
 Memory: 16107M
 Large Page Support: Disabled
 NUMA Support: Disabled
 Compressed Oops: Enabled (Zero based)
 Heap Region Size: 2M
 Heap Min Capacity: 8M
 Heap Initial Capacity: 252M
 Heap Max Capacity: 4028M
 Pre-touch: Disabled
 Parallel Workers: 13
 Concurrent Workers: 3
 Concurrent Refinement Workers: 13
 Periodic GC: Disabled

Heap:
 garbage-first heap   total 147456K, used 84729K [0x0000000704400000, 0x0000000800000000)
  region size 2048K, 2 young (4096K), 2 survivors (4096K)
 Metaspace       used 73304K, committed 74240K, reserved 1122304K
  class space    used 8367K, committed 8832K, reserved 1048576K

Heap Regions: E=young(eden), S=young(survivor), O=old, HS=humongous(starts), HC=humongous(continues), CS=collection set, F=free, OA=open archive, CA=closed archive, TAMS=top-at-mark-start (previous, next)
|   0|0x0000000704400000, 0x0000000704600000, 0x0000000704600000|100%|HS|  |TAMS 0x0000000704600000, 0x0000000704600000| Complete 
|   1|0x0000000704600000, 0x0000000704800000, 0x0000000704800000|100%|HC|  |TAMS 0x0000000704800000, 0x0000000704800000| Complete 
|   2|0x0000000704800000, 0x0000000704a00000, 0x0000000704a00000|100%|HC|  |TAMS 0x0000000704a00000, 0x0000000704a00000| Complete 
|   3|0x0000000704a00000, 0x0000000704c00000, 0x0000000704c00000|100%| O|  |TAMS 0x0000000704c00000, 0x0000000704c00000| Untracked 
|   4|0x0000000704c00000, 0x0000000704dd7a00, 0x0000000704e00000| 92%| O|  |TAMS 0x0000000704dd7a00, 0x0000000704dd7a00| Untracked 
|   5|0x0000000704e00000, 0x0000000705000000, 0x0000000705000000|100%|HS|  |TAMS 0x0000000705000000, 0x0000000705000000| Complete 
|   6|0x0000000705000000, 0x0000000705200000, 0x0000000705200000|100%| O|  |TAMS 0x0000000705200000, 0x0000000705200000| Untracked 
|   7|0x0000000705200000, 0x0000000705400000, 0x0000000705400000|100%| O|  |TAMS 0x0000000705400000, 0x0000000705400000| Untracked 
|   8|0x0000000705400000, 0x0000000705600000, 0x0000000705600000|100%| O|  |TAMS 0x0000000705600000, 0x0000000705600000| Untracked 
|   9|0x0000000705600000, 0x0000000705800000, 0x0000000705800000|100%| O|  |TAMS 0x0000000705800000, 0x0000000705800000| Untracked 
|  10|0x0000000705800000, 0x0000000705a00000, 0x0000000705a00000|100%| O|  |TAMS 0x0000000705a00000, 0x0000000705a00000| Untracked 
|  11|0x0000000705a00000, 0x0000000705b6fc00, 0x0000000705c00000| 71%| O|  |TAMS 0x0000000705b6fc00, 0x0000000705b6fc00| Untracked 
|  12|0x0000000705c00000, 0x0000000705e00000, 0x0000000705e00000|100%|HS|  |TAMS 0x0000000705e00000, 0x0000000705e00000| Complete 
|  13|0x0000000705e00000, 0x0000000706000000, 0x0000000706000000|100%| O|  |TAMS 0x0000000706000000, 0x0000000706000000| Untracked 
|  14|0x0000000706000000, 0x0000000706200000, 0x0000000706200000|100%|HS|  |TAMS 0x0000000706200000, 0x0000000706200000| Complete 
|  15|0x0000000706200000, 0x0000000706400000, 0x0000000706400000|100%| O|  |TAMS 0x0000000706400000, 0x0000000706400000| Untracked 
|  16|0x0000000706400000, 0x00000007065f1200, 0x0000000706600000| 97%| O|  |TAMS 0x0000000706400000, 0x00000007065f1200| Untracked 
|  17|0x0000000706600000, 0x0000000706800000, 0x0000000706800000|100%| O|  |TAMS 0x0000000706800000, 0x0000000706800000| Untracked 
|  18|0x0000000706800000, 0x0000000706a00000, 0x0000000706a00000|100%|HS|  |TAMS 0x0000000706a00000, 0x0000000706a00000| Complete 
|  19|0x0000000706a00000, 0x0000000706c00000, 0x0000000706c00000|100%|HC|  |TAMS 0x0000000706c00000, 0x0000000706c00000| Complete 
|  20|0x0000000706c00000, 0x0000000706c00000, 0x0000000706e00000|  0%| F|  |TAMS 0x0000000706c00000, 0x0000000706c00000| Untracked 
|  21|0x0000000706e00000, 0x0000000707000000, 0x0000000707000000|100%|HS|  |TAMS 0x0000000707000000, 0x0000000707000000| Complete 
|  22|0x0000000707000000, 0x0000000707200000, 0x0000000707200000|100%|HC|  |TAMS 0x0000000707200000, 0x0000000707200000| Complete 
|  23|0x0000000707200000, 0x0000000707400000, 0x0000000707400000|100%|HS|  |TAMS 0x0000000707400000, 0x0000000707400000| Complete 
|  24|0x0000000707400000, 0x0000000707600000, 0x0000000707600000|100%|HC|  |TAMS 0x0000000707600000, 0x0000000707600000| Complete 
|  25|0x0000000707600000, 0x0000000707800000, 0x0000000707800000|100%|HS|  |TAMS 0x0000000707800000, 0x0000000707800000| Complete 
|  26|0x0000000707800000, 0x0000000707a00000, 0x0000000707a00000|100%|HC|  |TAMS 0x0000000707a00000, 0x0000000707a00000| Complete 
|  27|0x0000000707a00000, 0x0000000707c00000, 0x0000000707c00000|100%| O|  |TAMS 0x0000000707c00000, 0x0000000707c00000| Untracked 
|  28|0x0000000707c00000, 0x0000000707e00000, 0x0000000707e00000|100%| O|  |TAMS 0x0000000707cf9a00, 0x0000000707e00000| Untracked 
|  29|0x0000000707e00000, 0x0000000708000000, 0x0000000708000000|100%|HS|  |TAMS 0x0000000708000000, 0x0000000708000000| Complete 
|  30|0x0000000708000000, 0x0000000708200000, 0x0000000708200000|100%|HC|  |TAMS 0x0000000708200000, 0x0000000708200000| Complete 
|  31|0x0000000708200000, 0x0000000708400000, 0x0000000708400000|100%|HS|  |TAMS 0x0000000708400000, 0x0000000708400000| Complete 
|  32|0x0000000708400000, 0x0000000708600000, 0x0000000708600000|100%|HC|  |TAMS 0x0000000708600000, 0x0000000708600000| Complete 
|  33|0x0000000708600000, 0x0000000708800000, 0x0000000708800000|100%|HS|  |TAMS 0x0000000708800000, 0x0000000708800000| Complete 
|  34|0x0000000708800000, 0x0000000708a00000, 0x0000000708a00000|100%|HC|  |TAMS 0x0000000708a00000, 0x0000000708a00000| Complete 
|  35|0x0000000708a00000, 0x0000000708c00000, 0x0000000708c00000|100%|HS|  |TAMS 0x0000000708c00000, 0x0000000708c00000| Complete 
|  36|0x0000000708c00000, 0x0000000708e00000, 0x0000000708e00000|100%|HC|  |TAMS 0x0000000708e00000, 0x0000000708e00000| Complete 
|  37|0x0000000708e00000, 0x0000000709000000, 0x0000000709000000|100%|HS|  |TAMS 0x0000000709000000, 0x0000000709000000| Complete 
|  38|0x0000000709000000, 0x0000000709200000, 0x0000000709200000|100%|HC|  |TAMS 0x0000000709200000, 0x0000000709200000| Complete 
|  39|0x0000000709200000, 0x0000000709400000, 0x0000000709400000|100%|HS|  |TAMS 0x0000000709400000, 0x0000000709400000| Complete 
|  40|0x0000000709400000, 0x0000000709600000, 0x0000000709600000|100%|HC|  |TAMS 0x0000000709600000, 0x0000000709600000| Complete 
|  41|0x0000000709600000, 0x0000000709600000, 0x0000000709800000|  0%| F|  |TAMS 0x0000000709600000, 0x0000000709600000| Untracked 
|  42|0x0000000709800000, 0x0000000709800000, 0x0000000709a00000|  0%| F|  |TAMS 0x0000000709800000, 0x0000000709800000| Untracked 
|  43|0x0000000709a00000, 0x0000000709a00000, 0x0000000709c00000|  0%| F|  |TAMS 0x0000000709a00000, 0x0000000709a00000| Untracked 
|  44|0x0000000709c00000, 0x0000000709c00000, 0x0000000709e00000|  0%| F|  |TAMS 0x0000000709c00000, 0x0000000709c00000| Untracked 
|  45|0x0000000709e00000, 0x0000000709e00000, 0x000000070a000000|  0%| F|  |TAMS 0x0000000709e00000, 0x0000000709e00000| Untracked 
|  46|0x000000070a000000, 0x000000070a000000, 0x000000070a200000|  0%| F|  |TAMS 0x000000070a000000, 0x000000070a000000| Untracked 
|  47|0x000000070a200000, 0x000000070a200000, 0x000000070a400000|  0%| F|  |TAMS 0x000000070a200000, 0x000000070a200000| Untracked 
|  48|0x000000070a400000, 0x000000070a400000, 0x000000070a600000|  0%| F|  |TAMS 0x000000070a400000, 0x000000070a400000| Untracked 
|  49|0x000000070a600000, 0x000000070a785ec0, 0x000000070a800000| 76%| S|CS|TAMS 0x000000070a600000, 0x000000070a600000| Complete 
|  50|0x000000070a800000, 0x000000070aa00000, 0x000000070aa00000|100%| S|CS|TAMS 0x000000070a800000, 0x000000070a800000| Complete 
|  51|0x000000070aa00000, 0x000000070aa00000, 0x000000070ac00000|  0%| F|  |TAMS 0x000000070aa00000, 0x000000070aa00000| Untracked 
|  52|0x000000070ac00000, 0x000000070ac00000, 0x000000070ae00000|  0%| F|  |TAMS 0x000000070ac00000, 0x000000070ac00000| Untracked 
|  53|0x000000070ae00000, 0x000000070ae00000, 0x000000070b000000|  0%| F|  |TAMS 0x000000070ae00000, 0x000000070ae00000| Untracked 
|  54|0x000000070b000000, 0x000000070b000000, 0x000000070b200000|  0%| F|  |TAMS 0x000000070b000000, 0x000000070b000000| Untracked 
|  55|0x000000070b200000, 0x000000070b200000, 0x000000070b400000|  0%| F|  |TAMS 0x000000070b200000, 0x000000070b200000| Untracked 
|  56|0x000000070b400000, 0x000000070b400000, 0x000000070b600000|  0%| F|  |TAMS 0x000000070b400000, 0x000000070b400000| Untracked 
|  57|0x000000070b600000, 0x000000070b600000, 0x000000070b800000|  0%| F|  |TAMS 0x000000070b600000, 0x000000070b600000| Untracked 
|  58|0x000000070b800000, 0x000000070b800000, 0x000000070ba00000|  0%| F|  |TAMS 0x000000070b800000, 0x000000070b800000| Untracked 
|  59|0x000000070ba00000, 0x000000070ba00000, 0x000000070bc00000|  0%| F|  |TAMS 0x000000070ba00000, 0x000000070ba00000| Untracked 
|  60|0x000000070bc00000, 0x000000070bc00000, 0x000000070be00000|  0%| F|  |TAMS 0x000000070bc00000, 0x000000070bc00000| Untracked 
|  61|0x000000070be00000, 0x000000070be00000, 0x000000070c000000|  0%| F|  |TAMS 0x000000070be00000, 0x000000070be00000| Untracked 
|  62|0x000000070c000000, 0x000000070c000000, 0x000000070c200000|  0%| F|  |TAMS 0x000000070c000000, 0x000000070c000000| Untracked 
|  63|0x000000070c200000, 0x000000070c200000, 0x000000070c400000|  0%| F|  |TAMS 0x000000070c200000, 0x000000070c200000| Untracked 
|  64|0x000000070c400000, 0x000000070c400000, 0x000000070c600000|  0%| F|  |TAMS 0x000000070c400000, 0x000000070c400000| Untracked 
|  65|0x000000070c600000, 0x000000070c600000, 0x000000070c800000|  0%| F|  |TAMS 0x000000070c600000, 0x000000070c600000| Untracked 
|  66|0x000000070c800000, 0x000000070c800000, 0x000000070ca00000|  0%| F|  |TAMS 0x000000070c800000, 0x000000070c800000| Untracked 
|  67|0x000000070ca00000, 0x000000070ca00000, 0x000000070cc00000|  0%| F|  |TAMS 0x000000070ca00000, 0x000000070ca00000| Untracked 
|  68|0x000000070cc00000, 0x000000070cc00000, 0x000000070ce00000|  0%| F|  |TAMS 0x000000070cc00000, 0x000000070cc00000| Untracked 
|  69|0x000000070ce00000, 0x000000070ce00000, 0x000000070d000000|  0%| F|  |TAMS 0x000000070ce00000, 0x000000070ce00000| Untracked 
|  70|0x000000070d000000, 0x000000070d000000, 0x000000070d200000|  0%| F|  |TAMS 0x000000070d000000, 0x000000070d000000| Untracked 
| 125|0x0000000713e00000, 0x0000000713e00000, 0x0000000714000000|  0%| F|  |TAMS 0x0000000713e00000, 0x0000000713e00000| Untracked 

Card table byte_map: [0x000002893fd80000,0x0000028940560000] _byte_map_base: 0x000002893c55e000

Marking Bits (Prev, Next): (CMBitMap*) 0x0000028927b5ecd0, (CMBitMap*) 0x0000028927b5ec90
 Prev Bits: [0x0000028944c30000, 0x0000028948b20000)
 Next Bits: [0x0000028940d40000, 0x0000028944c30000)

Polling page: 0x00000289272b0000

Metaspace:

Usage:
  Non-class:     63.41 MB used.
      Class:      8.17 MB used.
       Both:     71.59 MB used.

Virtual space:
  Non-class space:       72.00 MB reserved,      63.88 MB ( 89%) committed,  9 nodes.
      Class space:        1.00 GB reserved,       8.62 MB ( <1%) committed,  1 nodes.
             Both:        1.07 GB reserved,      72.50 MB (  7%) committed. 

Chunk freelists:
   Non-Class:  3.73 MB
       Class:  3.22 MB
        Both:  6.95 MB

MaxMetaspaceSize: unlimited
CompressedClassSpaceSize: 1.00 GB
Initial GC threshold: 21.00 MB
Current GC threshold: 119.00 MB
CDS: off
MetaspaceReclaimPolicy: balanced
 - commit_granule_bytes: 65536.
 - commit_granule_words: 8192.
 - virtual_space_node_default_size: 1048576.
 - enlarge_chunks_in_place: 1.
 - new_chunks_are_fully_committed: 0.
 - uncommit_free_chunks: 1.
 - use_allocation_guard: 0.
 - handle_deallocations: 1.


Internal statistics:

num_allocs_failed_limit: 6.
num_arena_births: 690.
num_arena_deaths: 0.
num_vsnodes_births: 10.
num_vsnodes_deaths: 0.
num_space_committed: 1160.
num_space_uncommitted: 0.
num_chunks_returned_to_freelist: 6.
num_chunks_taken_from_freelist: 2515.
num_chunk_merges: 3.
num_chunk_splits: 1737.
num_chunks_enlarged: 1238.
num_purges: 2.
num_inconsistent_stats: 0.

CodeHeap 'non-profiled nmethods': size=119168Kb used=3343Kb max_used=3343Kb free=115824Kb
 bounds [0x00000289378c0000, 0x0000028937c10000, 0x000002893ed20000]
CodeHeap 'profiled nmethods': size=119104Kb used=12719Kb max_used=12719Kb free=106385Kb
 bounds [0x000002892fd20000, 0x0000028930990000, 0x0000028937170000]
CodeHeap 'non-nmethods': size=7488Kb used=3162Kb max_used=3206Kb free=4325Kb
 bounds [0x0000028937170000, 0x00000289374a0000, 0x00000289378c0000]
 total_blobs=6846 nmethods=6003 adapters=751
 compilation: enabled
              stopped_count=0, restarted_count=0
 full_count=0

Compilation events (20 events):
Event: 4.904 Thread 0x000002894c4dd900 nmethod 6883 0x0000028930988b10 code [0x0000028930988d20, 0x00000289309894d8]
Event: 4.904 Thread 0x000002894c65d060 6884   !   3       java.io.PrintStream::write (69 bytes)
Event: 4.904 Thread 0x000002894c65d060 nmethod 6884 0x0000028930989710 code [0x0000028930989920, 0x0000028930989fd8]
Event: 4.907 Thread 0x000002894c4dd900 6885       1       org.apache.xerces.impl.XMLEntityManager::setEntityHandler (6 bytes)
Event: 4.907 Thread 0x000002894c4dd900 nmethod 6885 0x0000028937bfc210 code [0x0000028937bfc3a0, 0x0000028937bfc4b8]
Event: 4.910 Thread 0x000002894c4dd900 6886       3       com.teamdev.jxbrowser.deps.com.google.protobuf.GeneratedMessageV3::<init> (13 bytes)
Event: 4.910 Thread 0x000002894c65f580 6887       3       com.teamdev.jxbrowser.deps.com.google.protobuf.GeneratedMessageV3$Builder::onBuilt (12 bytes)
Event: 4.910 Thread 0x000002894ca4b470 6888   !   3       java.util.zip.Inflater::end (37 bytes)
Event: 4.910 Thread 0x000002894c65f580 nmethod 6887 0x000002893098a310 code [0x000002893098a4a0, 0x000002893098a6d8]
Event: 4.911 Thread 0x000002894c4dd900 nmethod 6886 0x000002893098a790 code [0x000002893098a940, 0x000002893098abf8]
Event: 4.911 Thread 0x000002894ca4b470 nmethod 6888 0x000002893098ad10 code [0x000002893098af00, 0x000002893098b508]
Event: 4.911 Thread 0x000002894c65d060 6889       1       org.apache.xerces.impl.XMLDocumentFragmentScannerImpl::setDocumentHandler (6 bytes)
Event: 4.911 Thread 0x000002894c65d060 nmethod 6889 0x0000028937bfc510 code [0x0000028937bfc6a0, 0x0000028937bfc7b8]
Event: 4.911 Thread 0x000002894c4dd900 6891       1       org.apache.xerces.parsers.AbstractXMLDocumentParser::setDocumentSource (6 bytes)
Event: 4.911 Thread 0x000002894c4dd900 nmethod 6891 0x0000028937bfc810 code [0x0000028937bfc9a0, 0x0000028937bfcab8]
Event: 4.921 Thread 0x000002894c65f580 6895       3       com.st.ipmodeconfigmanager.xml.MxPackages::generateSemaphoreName (116 bytes)
Event: 4.921 Thread 0x00000289515ff9f0 nmethod 6704 0x0000028937bfcb10 code [0x0000028937bfcea0, 0x0000028937c017c8]
Event: 4.922 Thread 0x00000289515ff9f0 6860 %     4       org.apache.commons.lang3.StringUtils::isNumeric @ 24 (52 bytes)
Event: 4.922 Thread 0x000002894c65d060 6896   !   3       com.st.ipmodeconfigmanager.engine.ConditionMgr::getConditionDescription (38 bytes)
Event: 4.923 Thread 0x000002894c65d060 nmethod 6896 0x000002893098b790 code [0x000002893098bae0, 0x000002893098cd38]

GC Heap History (20 events):
Event: 2.952 GC heap after
{Heap after GC invocations=15 (full 0):
 garbage-first heap   total 96256K, used 49910K [0x0000000704400000, 0x0000000800000000)
  region size 2048K, 1 young (2048K), 1 survivors (2048K)
 Metaspace       used 61859K, committed 62720K, reserved 1105920K
  class space    used 7109K, committed 7488K, reserved 1048576K
}
Event: 2.970 GC heap before
{Heap before GC invocations=16 (full 0):
 garbage-first heap   total 100352K, used 56054K [0x0000000704400000, 0x0000000800000000)
  region size 2048K, 3 young (6144K), 1 survivors (2048K)
 Metaspace       used 61859K, committed 62720K, reserved 1105920K
  class space    used 7109K, committed 7488K, reserved 1048576K
}
Event: 2.971 GC heap after
{Heap after GC invocations=17 (full 0):
 garbage-first heap   total 100352K, used 53681K [0x0000000704400000, 0x0000000800000000)
  region size 2048K, 1 young (2048K), 1 survivors (2048K)
 Metaspace       used 61859K, committed 62720K, reserved 1105920K
  class space    used 7109K, committed 7488K, reserved 1048576K
}
Event: 3.136 GC heap before
{Heap before GC invocations=18 (full 0):
 garbage-first heap   total 106496K, used 59825K [0x0000000704400000, 0x0000000800000000)
  region size 2048K, 4 young (8192K), 1 survivors (2048K)
 Metaspace       used 61890K, committed 62784K, reserved 1105920K
  class space    used 7115K, committed 7552K, reserved 1048576K
}
Event: 3.137 GC heap after
{Heap after GC invocations=19 (full 0):
 garbage-first heap   total 106496K, used 57862K [0x0000000704400000, 0x0000000800000000)
  region size 2048K, 1 young (2048K), 1 survivors (2048K)
 Metaspace       used 61890K, committed 62784K, reserved 1105920K
  class space    used 7115K, committed 7552K, reserved 1048576K
}
Event: 3.172 GC heap before
{Heap before GC invocations=20 (full 0):
 garbage-first heap   total 112640K, used 64006K [0x0000000704400000, 0x0000000800000000)
  region size 2048K, 3 young (6144K), 1 survivors (2048K)
 Metaspace       used 61906K, committed 62784K, reserved 1105920K
  class space    used 7115K, committed 7552K, reserved 1048576K
}
Event: 3.173 GC heap after
{Heap after GC invocations=21 (full 0):
 garbage-first heap   total 112640K, used 61890K [0x0000000704400000, 0x0000000800000000)
  region size 2048K, 1 young (2048K), 1 survivors (2048K)
 Metaspace       used 61906K, committed 62784K, reserved 1105920K
  class space    used 7115K, committed 7552K, reserved 1048576K
}
Event: 3.194 GC heap before
{Heap before GC invocations=22 (full 0):
 garbage-first heap   total 120832K, used 68034K [0x0000000704400000, 0x0000000800000000)
  region size 2048K, 3 young (6144K), 1 survivors (2048K)
 Metaspace       used 61907K, committed 62784K, reserved 1105920K
  class space    used 7115K, committed 7552K, reserved 1048576K
}
Event: 3.195 GC heap after
{Heap after GC invocations=23 (full 0):
 garbage-first heap   total 120832K, used 66128K [0x0000000704400000, 0x0000000800000000)
  region size 2048K, 1 young (2048K), 1 survivors (2048K)
 Metaspace       used 61907K, committed 62784K, reserved 1105920K
  class space    used 7115K, committed 7552K, reserved 1048576K
}
Event: 3.212 GC heap before
{Heap before GC invocations=24 (full 0):
 garbage-first heap   total 131072K, used 72272K [0x0000000704400000, 0x0000000800000000)
  region size 2048K, 3 young (6144K), 1 survivors (2048K)
 Metaspace       used 61908K, committed 62784K, reserved 1105920K
  class space    used 7115K, committed 7552K, reserved 1048576K
}
Event: 3.213 GC heap after
{Heap after GC invocations=25 (full 0):
 garbage-first heap   total 131072K, used 70142K [0x0000000704400000, 0x0000000800000000)
  region size 2048K, 1 young (2048K), 1 survivors (2048K)
 Metaspace       used 61908K, committed 62784K, reserved 1105920K
  class space    used 7115K, committed 7552K, reserved 1048576K
}
Event: 3.230 GC heap before
{Heap before GC invocations=26 (full 0):
 garbage-first heap   total 133120K, used 76286K [0x0000000704400000, 0x0000000800000000)
  region size 2048K, 4 young (8192K), 1 survivors (2048K)
 Metaspace       used 61909K, committed 62784K, reserved 1105920K
  class space    used 7115K, committed 7552K, reserved 1048576K
}
Event: 3.231 GC heap after
{Heap after GC invocations=27 (full 0):
 garbage-first heap   total 133120K, used 74264K [0x0000000704400000, 0x0000000800000000)
  region size 2048K, 1 young (2048K), 1 survivors (2048K)
 Metaspace       used 61909K, committed 62784K, reserved 1105920K
  class space    used 7115K, committed 7552K, reserved 1048576K
}
Event: 4.590 GC heap before
{Heap before GC invocations=28 (full 0):
 garbage-first heap   total 143360K, used 113176K [0x0000000704400000, 0x0000000800000000)
  region size 2048K, 19 young (38912K), 1 survivors (2048K)
 Metaspace       used 69266K, committed 70144K, reserved 1114112K
  class space    used 7961K, committed 8384K, reserved 1048576K
}
Event: 4.592 GC heap after
{Heap after GC invocations=29 (full 0):
 garbage-first heap   total 143360K, used 81155K [0x0000000704400000, 0x0000000800000000)
  region size 2048K, 2 young (4096K), 2 survivors (4096K)
 Metaspace       used 69266K, committed 70144K, reserved 1114112K
  class space    used 7961K, committed 8384K, reserved 1048576K
}
Event: 4.768 GC heap before
{Heap before GC invocations=29 (full 0):
 garbage-first heap   total 143360K, used 120067K [0x0000000704400000, 0x0000000800000000)
  region size 2048K, 21 young (43008K), 2 survivors (4096K)
 Metaspace       used 72086K, committed 73024K, reserved 1114112K
  class space    used 8240K, committed 8704K, reserved 1048576K
}
Event: 4.770 GC heap after
{Heap after GC invocations=30 (full 0):
 garbage-first heap   total 143360K, used 83438K [0x0000000704400000, 0x0000000800000000)
  region size 2048K, 3 young (6144K), 3 survivors (6144K)
 Metaspace       used 72086K, committed 73024K, reserved 1114112K
  class space    used 8240K, committed 8704K, reserved 1048576K
}
Event: 4.853 GC heap before
{Heap before GC invocations=31 (full 0):
 garbage-first heap   total 147456K, used 120302K [0x0000000704400000, 0x0000000800000000)
  region size 2048K, 21 young (43008K), 3 survivors (6144K)
 Metaspace       used 72657K, committed 73600K, reserved 1114112K
  class space    used 8302K, committed 8768K, reserved 1048576K
}
Event: 4.855 GC heap after
{Heap after GC invocations=32 (full 0):
 garbage-first heap   total 147456K, used 84428K [0x0000000704400000, 0x0000000800000000)
  region size 2048K, 2 young (4096K), 2 survivors (4096K)
 Metaspace       used 72657K, committed 73600K, reserved 1114112K
  class space    used 8302K, committed 8768K, reserved 1048576K
}
Event: 4.924 GC heap before
{Heap before GC invocations=32 (full 0):
 garbage-first heap   total 147456K, used 123340K [0x0000000704400000, 0x0000000800000000)
  region size 2048K, 21 young (43008K), 2 survivors (4096K)
 Metaspace       used 73304K, committed 74240K, reserved 1122304K
  class space    used 8367K, committed 8832K, reserved 1048576K
}

Dll operation events (17 events):
Event: 0.004 Loaded shared library D:\WORK\SOFTWARES\CubeMX\CubeMX\jre\bin\java.dll
Event: 0.016 Loaded shared library D:\WORK\SOFTWARES\CubeMX\CubeMX\jre\bin\jsvml.dll
Event: 0.046 Loaded shared library D:\WORK\SOFTWARES\CubeMX\CubeMX\jre\bin\net.dll
Event: 0.047 Loaded shared library D:\WORK\SOFTWARES\CubeMX\CubeMX\jre\bin\nio.dll
Event: 0.058 Loaded shared library D:\WORK\SOFTWARES\CubeMX\CubeMX\jre\bin\zip.dll
Event: 0.075 Loaded shared library D:\WORK\SOFTWARES\CubeMX\CubeMX\jre\bin\jimage.dll
Event: 0.168 Loaded shared library D:\WORK\SOFTWARES\CubeMX\CubeMX\jre\bin\management.dll
Event: 0.171 Loaded shared library D:\WORK\SOFTWARES\CubeMX\CubeMX\jre\bin\management_ext.dll
Event: 0.383 Loaded shared library D:\WORK\SOFTWARES\CubeMX\CubeMX\jre\bin\awt.dll
Event: 0.668 Loaded shared library D:\WORK\SOFTWARES\CubeMX\CubeMX\jre\bin\freetype.dll
Event: 0.669 Loaded shared library D:\WORK\SOFTWARES\CubeMX\CubeMX\jre\bin\fontmanager.dll
Event: 0.820 Loaded shared library D:\WORK\SOFTWARES\CubeMX\CubeMX\jre\bin\verify.dll
Event: 0.907 Loaded shared library D:\WORK\SOFTWARES\CubeMX\CubeMX\jre\bin\prefs.dll
Event: 2.396 Loaded shared library D:\WORK\SOFTWARES\CubeMX\CubeMX\jre\bin\sunmscapi.dll
Event: 2.906 Loaded shared library D:\WORK\SOFTWARES\CubeMX\CubeMX\jre\bin\javajpeg.dll
Event: 3.450 Loaded shared library C:\Users\extre\.stm32cubemx\.jxbrowser-7.30.2\Chromium\toolkit64.dll
Event: 4.166 Loaded shared library C:\Users\extre\.stm32cubemx\.jxbrowser-7.30.2\Chromium\ipc64.dll

Deoptimization events (20 events):
Event: 4.793 Thread 0x000002894e919dc0 DEOPT PACKING pc=0x0000028930340a68 sp=0x0000008ccf8fe850
Event: 4.793 Thread 0x000002894e919dc0 DEOPT UNPACKING pc=0x00000289371c7143 sp=0x0000008ccf8fdcf0 mode 0
Event: 4.793 Thread 0x000002894e919dc0 DEOPT PACKING pc=0x0000028930340a68 sp=0x0000008ccf8fe760
Event: 4.794 Thread 0x000002894e919dc0 DEOPT UNPACKING pc=0x00000289371c7143 sp=0x0000008ccf8fdc00 mode 0
Event: 4.801 Thread 0x0000028951a62950 Uncommon trap: trap_request=0xffffffbe fr.pc=0x00000289379cda14 relative=0x00000000000004f4
Event: 4.801 Thread 0x0000028951a62950 Uncommon trap: reason=profile_predicate action=maybe_recompile pc=0x00000289379cda14 method=java.lang.PublicMethods$MethodList.filter([Ljava/lang/reflect/Method;Ljava/lang/String;[Ljava/lang/Class;Z)Ljava/lang/PublicMethods$MethodList; @ 21 c2
Event: 4.801 Thread 0x0000028951a62950 DEOPT PACKING pc=0x00000289379cda14 sp=0x0000008ccfbfe370
Event: 4.801 Thread 0x0000028951a62950 DEOPT UNPACKING pc=0x00000289371c69a3 sp=0x0000008ccfbfe2f8 mode 2
Event: 4.802 Thread 0x0000028951a62950 Uncommon trap: trap_request=0xffffffbe fr.pc=0x00000289379cda14 relative=0x00000000000004f4
Event: 4.802 Thread 0x0000028951a62950 Uncommon trap: reason=profile_predicate action=maybe_recompile pc=0x00000289379cda14 method=java.lang.PublicMethods$MethodList.filter([Ljava/lang/reflect/Method;Ljava/lang/String;[Ljava/lang/Class;Z)Ljava/lang/PublicMethods$MethodList; @ 21 c2
Event: 4.803 Thread 0x0000028951a62950 DEOPT PACKING pc=0x00000289379cda14 sp=0x0000008ccfbfe370
Event: 4.803 Thread 0x0000028951a62950 DEOPT UNPACKING pc=0x00000289371c69a3 sp=0x0000008ccfbfe2f8 mode 2
Event: 4.803 Thread 0x0000028951a62950 Uncommon trap: trap_request=0xffffffbe fr.pc=0x00000289379cda14 relative=0x00000000000004f4
Event: 4.803 Thread 0x0000028951a62950 Uncommon trap: reason=profile_predicate action=maybe_recompile pc=0x00000289379cda14 method=java.lang.PublicMethods$MethodList.filter([Ljava/lang/reflect/Method;Ljava/lang/String;[Ljava/lang/Class;Z)Ljava/lang/PublicMethods$MethodList; @ 21 c2
Event: 4.803 Thread 0x0000028951a62950 DEOPT PACKING pc=0x00000289379cda14 sp=0x0000008ccfbfe370
Event: 4.803 Thread 0x0000028951a62950 DEOPT UNPACKING pc=0x00000289371c69a3 sp=0x0000008ccfbfe2f8 mode 2
Event: 4.803 Thread 0x0000028951a62950 Uncommon trap: trap_request=0xffffffbe fr.pc=0x00000289379cda14 relative=0x00000000000004f4
Event: 4.803 Thread 0x0000028951a62950 Uncommon trap: reason=profile_predicate action=maybe_recompile pc=0x00000289379cda14 method=java.lang.PublicMethods$MethodList.filter([Ljava/lang/reflect/Method;Ljava/lang/String;[Ljava/lang/Class;Z)Ljava/lang/PublicMethods$MethodList; @ 21 c2
Event: 4.803 Thread 0x0000028951a62950 DEOPT PACKING pc=0x00000289379cda14 sp=0x0000008ccfbfe370
Event: 4.803 Thread 0x0000028951a62950 DEOPT UNPACKING pc=0x00000289371c69a3 sp=0x0000008ccfbfe2f8 mode 2

Classes unloaded (0 events):
No events

Classes redefined (0 events):
No events

Internal exceptions (20 events):
Event: 4.828 Thread 0x000002894e919dc0 Exception <a 'java/lang/ArrayIndexOutOfBoundsException'{0x000000070be6e9c8}> (0x000000070be6e9c8) 
thrown [s\src\hotspot\share\runtime\sharedRuntime.cpp, line 628]
Event: 4.828 Thread 0x000002894e919dc0 Exception <a 'java/lang/ArrayIndexOutOfBoundsException'{0x000000070be6ee88}> (0x000000070be6ee88) 
thrown [s\src\hotspot\share\runtime\sharedRuntime.cpp, line 628]
Event: 4.845 Thread 0x000002894e919dc0 Exception <a 'java/io/IOException'{0x000000070b121760}> (0x000000070b121760) 
thrown [s\src\hotspot\share\prims\jni.cpp, line 516]
Event: 4.845 Thread 0x000002894e919dc0 Exception <a 'java/io/IOException'{0x000000070b121db0}> (0x000000070b121db0) 
thrown [s\src\hotspot\share\prims\jni.cpp, line 516]
Event: 4.886 Thread 0x000002894e919dc0 Exception <a 'java/lang/ArrayIndexOutOfBoundsException'{0x000000070be244d8}> (0x000000070be244d8) 
thrown [s\src\hotspot\share\runtime\sharedRuntime.cpp, line 628]
Event: 4.886 Thread 0x000002894e919dc0 Exception <a 'java/lang/ArrayIndexOutOfBoundsException'{0x000000070be24998}> (0x000000070be24998) 
thrown [s\src\hotspot\share\runtime\sharedRuntime.cpp, line 628]
Event: 4.888 Thread 0x000002894e919dc0 Exception <a 'java/io/IOException'{0x000000070bee2268}> (0x000000070bee2268) 
thrown [s\src\hotspot\share\prims\jni.cpp, line 516]
Event: 4.888 Thread 0x000002894e919dc0 Exception <a 'java/io/IOException'{0x000000070bee28b8}> (0x000000070bee28b8) 
thrown [s\src\hotspot\share\prims\jni.cpp, line 516]
Event: 4.895 Thread 0x000002894e919dc0 Exception <a 'java/lang/ArrayIndexOutOfBoundsException'{0x000000070bd575c0}> (0x000000070bd575c0) 
thrown [s\src\hotspot\share\runtime\sharedRuntime.cpp, line 628]
Event: 4.895 Thread 0x000002894e919dc0 Exception <a 'java/lang/ArrayIndexOutOfBoundsException'{0x000000070bd57a80}> (0x000000070bd57a80) 
thrown [s\src\hotspot\share\runtime\sharedRuntime.cpp, line 628]
Event: 4.904 Thread 0x000002894e919dc0 Exception <a 'java/io/IOException'{0x000000070b6686c0}> (0x000000070b6686c0) 
thrown [s\src\hotspot\share\prims\jni.cpp, line 516]
Event: 4.904 Thread 0x000002894e919dc0 Exception <a 'java/io/IOException'{0x000000070b668d10}> (0x000000070b668d10) 
thrown [s\src\hotspot\share\prims\jni.cpp, line 516]
Event: 4.907 Thread 0x000002894e919dc0 Exception <a 'java/lang/ArrayIndexOutOfBoundsException'{0x000000070b4607d8}> (0x000000070b4607d8) 
thrown [s\src\hotspot\share\runtime\sharedRuntime.cpp, line 628]
Event: 4.907 Thread 0x000002894e919dc0 Exception <a 'java/lang/ArrayIndexOutOfBoundsException'{0x000000070b460c98}> (0x000000070b460c98) 
thrown [s\src\hotspot\share\runtime\sharedRuntime.cpp, line 628]
Event: 4.909 Thread 0x000002894e919dc0 Exception <a 'java/io/IOException'{0x000000070b48b528}> (0x000000070b48b528) 
thrown [s\src\hotspot\share\prims\jni.cpp, line 516]
Event: 4.909 Thread 0x000002894e919dc0 Exception <a 'java/io/IOException'{0x000000070b48bb78}> (0x000000070b48bb78) 
thrown [s\src\hotspot\share\prims\jni.cpp, line 516]
Event: 4.916 Thread 0x000002894e919dc0 Exception <a 'java/lang/ArrayIndexOutOfBoundsException'{0x000000070b28dfe0}> (0x000000070b28dfe0) 
thrown [s\src\hotspot\share\runtime\sharedRuntime.cpp, line 628]
Event: 4.916 Thread 0x000002894e919dc0 Exception <a 'java/lang/ArrayIndexOutOfBoundsException'{0x000000070b28e4a0}> (0x000000070b28e4a0) 
thrown [s\src\hotspot\share\runtime\sharedRuntime.cpp, line 628]
Event: 4.923 Thread 0x000002894e919dc0 Exception <a 'java/io/IOException'{0x000000070ab81958}> (0x000000070ab81958) 
thrown [s\src\hotspot\share\prims\jni.cpp, line 516]
Event: 4.923 Thread 0x000002894e919dc0 Exception <a 'java/io/IOException'{0x000000070ab81fa8}> (0x000000070ab81fa8) 
thrown [s\src\hotspot\share\prims\jni.cpp, line 516]

VM Operations (20 events):
Event: 3.231 Executing VM operation: G1TryInitiateConcMark done
Event: 3.237 Executing VM operation: G1Concurrent
Event: 3.238 Executing VM operation: G1Concurrent done
Event: 3.242 Executing VM operation: G1Concurrent
Event: 3.242 Executing VM operation: G1Concurrent done
Event: 3.782 Executing VM operation: HandshakeAllThreads
Event: 3.782 Executing VM operation: HandshakeAllThreads done
Event: 4.466 Executing VM operation: ICBufferFull
Event: 4.466 Executing VM operation: ICBufferFull done
Event: 4.590 Executing VM operation: G1CollectForAllocation
Event: 4.592 Executing VM operation: G1CollectForAllocation done
Event: 4.768 Executing VM operation: G1CollectForAllocation
Event: 4.770 Executing VM operation: G1CollectForAllocation done
Event: 4.780 Executing VM operation: G1Concurrent
Event: 4.783 Executing VM operation: G1Concurrent done
Event: 4.788 Executing VM operation: G1Concurrent
Event: 4.788 Executing VM operation: G1Concurrent done
Event: 4.846 Executing VM operation: G1CollectForAllocation
Event: 4.855 Executing VM operation: G1CollectForAllocation done
Event: 4.924 Executing VM operation: G1CollectForAllocation

Events (20 events):
Event: 4.569 loading class java/util/concurrent/RejectedExecutionException
Event: 4.569 loading class java/util/concurrent/RejectedExecutionException done
Event: 4.569 loading class java/util/concurrent/Executors$FinalizableDelegatedExecutorService
Event: 4.569 loading class java/util/concurrent/Executors$DelegatedExecutorService
Event: 4.569 loading class java/util/concurrent/Executors$DelegatedExecutorService done
Event: 4.569 loading class java/util/concurrent/Executors$FinalizableDelegatedExecutorService done
Event: 4.596 Thread 0x0000028951600e30 Thread added: 0x0000028951600e30
Event: 4.617 loading class java/io/ObjectOutputStream$BlockDataOutputStream
Event: 4.618 loading class java/io/ObjectOutputStream$BlockDataOutputStream done
Event: 4.618 loading class java/io/ObjectOutputStream$HandleTable
Event: 4.618 loading class java/io/ObjectOutputStream$HandleTable done
Event: 4.618 loading class java/io/ObjectOutputStream$ReplaceTable
Event: 4.618 loading class java/io/ObjectOutputStream$ReplaceTable done
Event: 4.634 loading class java/util/zip/CheckedInputStream
Event: 4.634 loading class java/util/zip/CheckedInputStream done
Event: 4.686 Thread 0x0000028951600410 Thread added: 0x0000028951600410
Event: 4.691 Thread 0x00000289515ff9f0 Thread added: 0x00000289515ff9f0
Event: 4.692 Thread 0x0000028951600920 Thread added: 0x0000028951600920
Event: 4.694 Thread 0x0000028951601340 Thread added: 0x0000028951601340
Event: 4.697 Thread 0x0000028951601850 Thread added: 0x0000028951601850


Dynamic libraries:
0x00007ff680430000 - 0x00007ff68043e000 	D:\WORK\SOFTWARES\CubeMX\CubeMX\jre\bin\javaw.exe
0x00007ff9d3590000 - 0x00007ff9d37a7000 	C:\Windows\SYSTEM32\ntdll.dll
0x00007ff9d1930000 - 0x00007ff9d19f4000 	C:\Windows\System32\KERNEL32.DLL
0x00007ff9d0e10000 - 0x00007ff9d11b5000 	C:\Windows\System32\KERNELBASE.dll
0x00007ff9ccb70000 - 0x00007ff9ccc07000 	C:\Windows\SYSTEM32\apphelp.dll
0x00007ff9d09a0000 - 0x00007ff9d0ab1000 	C:\Windows\System32\ucrtbase.dll
0x00007ff9cb290000 - 0x00007ff9cb2a7000 	D:\WORK\SOFTWARES\CubeMX\CubeMX\jre\bin\jli.dll
0x00007ff9cb270000 - 0x00007ff9cb289000 	D:\WORK\SOFTWARES\CubeMX\CubeMX\jre\bin\VCRUNTIME140.dll
0x00007ff9d3380000 - 0x00007ff9d352e000 	C:\Windows\System32\USER32.dll
0x00007ff9d0bf0000 - 0x00007ff9d0c16000 	C:\Windows\System32\win32u.dll
0x00007ff9d3350000 - 0x00007ff9d3379000 	C:\Windows\System32\GDI32.dll
0x00007ff9d11c0000 - 0x00007ff9d12d9000 	C:\Windows\System32\gdi32full.dll
0x00007ff9d0900000 - 0x00007ff9d099a000 	C:\Windows\System32\msvcp_win.dll
0x00007ff9a4120000 - 0x00007ff9a43b3000 	C:\Windows\WinSxS\amd64_microsoft.windows.common-controls_6595b64144ccf1df_6.0.22621.2506_none_270c5ae97388e100\COMCTL32.dll
0x00007ff9d3250000 - 0x00007ff9d32f7000 	C:\Windows\System32\msvcrt.dll
0x00007ff9d1a00000 - 0x00007ff9d1a31000 	C:\Windows\System32\IMM32.DLL
0x00007ff9cbb00000 - 0x00007ff9cbb0c000 	D:\WORK\SOFTWARES\CubeMX\CubeMX\jre\bin\vcruntime140_1.dll
0x00007ff967340000 - 0x00007ff9673d1000 	D:\WORK\SOFTWARES\CubeMX\CubeMX\jre\bin\msvcp140.dll
0x00007ff8e5ed0000 - 0x00007ff8e6b17000 	D:\WORK\SOFTWARES\CubeMX\CubeMX\jre\bin\server\jvm.dll
0x00007ff9d1a40000 - 0x00007ff9d1af1000 	C:\Windows\System32\ADVAPI32.dll
0x00007ff9d21f0000 - 0x00007ff9d2296000 	C:\Windows\System32\sechost.dll
0x00007ff9d2d60000 - 0x00007ff9d2e77000 	C:\Windows\System32\RPCRT4.dll
0x00007ff9cdc90000 - 0x00007ff9cdcc4000 	C:\Windows\SYSTEM32\WINMM.dll
0x00007ff99fc00000 - 0x00007ff99fc09000 	C:\Windows\SYSTEM32\WSOCK32.dll
0x00007ff9d2080000 - 0x00007ff9d20f1000 	C:\Windows\System32\WS2_32.dll
0x00007ff9c76b0000 - 0x00007ff9c76ba000 	C:\Windows\SYSTEM32\VERSION.dll
0x00007ff9cf920000 - 0x00007ff9cf938000 	C:\Windows\SYSTEM32\kernel.appcore.dll
0x00007ff9cb230000 - 0x00007ff9cb23a000 	D:\WORK\SOFTWARES\CubeMX\CubeMX\jre\bin\jimage.dll
0x00007ff9ce400000 - 0x00007ff9ce633000 	C:\Windows\SYSTEM32\DBGHELP.DLL
0x00007ff9d15a0000 - 0x00007ff9d1929000 	C:\Windows\System32\combase.dll
0x00007ff9d1f90000 - 0x00007ff9d2067000 	C:\Windows\System32\OLEAUT32.dll
0x00007ff9c2e10000 - 0x00007ff9c2e42000 	C:\Windows\SYSTEM32\dbgcore.DLL
0x00007ff9d0c20000 - 0x00007ff9d0c9a000 	C:\Windows\System32\bcryptPrimitives.dll
0x00007ff9c0500000 - 0x00007ff9c0525000 	D:\WORK\SOFTWARES\CubeMX\CubeMX\jre\bin\java.dll
0x00007ff93aaf0000 - 0x00007ff93abc6000 	D:\WORK\SOFTWARES\CubeMX\CubeMX\jre\bin\jsvml.dll
0x00007ff9d22a0000 - 0x00007ff9d2af9000 	C:\Windows\System32\SHELL32.dll
0x00007ff9ce7c0000 - 0x00007ff9cf0b4000 	C:\Windows\SYSTEM32\windows.storage.dll
0x00007ff9ce680000 - 0x00007ff9ce7be000 	C:\Windows\SYSTEM32\wintypes.dll
0x00007ff9d3020000 - 0x00007ff9d3113000 	C:\Windows\System32\SHCORE.dll
0x00007ff9d2b20000 - 0x00007ff9d2b7e000 	C:\Windows\System32\shlwapi.dll
0x00007ff9d0830000 - 0x00007ff9d0856000 	C:\Windows\SYSTEM32\profapi.dll
0x00007ff9c7960000 - 0x00007ff9c7979000 	D:\WORK\SOFTWARES\CubeMX\CubeMX\jre\bin\net.dll
0x00007ff9ca070000 - 0x00007ff9ca1a7000 	C:\Windows\SYSTEM32\WINHTTP.dll
0x00007ff9cfe00000 - 0x00007ff9cfe69000 	C:\Windows\system32\mswsock.dll
0x00007ff9bf550000 - 0x00007ff9bf565000 	D:\WORK\SOFTWARES\CubeMX\CubeMX\jre\bin\nio.dll
0x00007ff9bf4f0000 - 0x00007ff9bf508000 	D:\WORK\SOFTWARES\CubeMX\CubeMX\jre\bin\zip.dll
0x00007ff9cb220000 - 0x00007ff9cb229000 	D:\WORK\SOFTWARES\CubeMX\CubeMX\jre\bin\management.dll
0x00007ff9c78c0000 - 0x00007ff9c78cb000 	D:\WORK\SOFTWARES\CubeMX\CubeMX\jre\bin\management_ext.dll
0x00007ff9d21d0000 - 0x00007ff9d21d8000 	C:\Windows\System32\PSAPI.DLL
0x00007ff9ae7f0000 - 0x00007ff9ae807000 	C:\Windows\system32\napinsp.dll
0x00007ff9aa980000 - 0x00007ff9aa99b000 	C:\Windows\system32\pnrpnsp.dll
0x00007ff9cf340000 - 0x00007ff9cf439000 	C:\Windows\SYSTEM32\DNSAPI.dll
0x00007ff9cf310000 - 0x00007ff9cf33d000 	C:\Windows\SYSTEM32\IPHLPAPI.DLL
0x00007ff9d21e0000 - 0x00007ff9d21e9000 	C:\Windows\System32\NSI.dll
0x00007ff9aa8a0000 - 0x00007ff9aa8b1000 	C:\Windows\System32\winrnr.dll
0x00007ff9c79f0000 - 0x00007ff9c7a05000 	C:\Windows\system32\wshbth.dll
0x00007ff9aa870000 - 0x00007ff9aa891000 	C:\Windows\system32\nlansp_c.dll
0x0000000059440000 - 0x0000000059466000 	C:\Program Files\Bonjour\mdnsNSP.dll
0x00007ff9c7700000 - 0x00007ff9c770a000 	C:\Windows\System32\rasadhlp.dll
0x00007ff9c7a10000 - 0x00007ff9c7a93000 	C:\Windows\System32\fwpuclnt.dll
0x00007ff937c10000 - 0x00007ff937d9e000 	D:\WORK\SOFTWARES\CubeMX\CubeMX\jre\bin\awt.dll
0x00007ff9d0050000 - 0x00007ff9d006b000 	C:\Windows\SYSTEM32\CRYPTSP.dll
0x00007ff9cf8e0000 - 0x00007ff9cf915000 	C:\Windows\system32\rsaenh.dll
0x00007ff9cfef0000 - 0x00007ff9cff1c000 	C:\Windows\SYSTEM32\USERENV.dll
0x00007ff9d0400000 - 0x00007ff9d0428000 	C:\Windows\SYSTEM32\bcrypt.dll
0x00007ff9d0070000 - 0x00007ff9d007c000 	C:\Windows\SYSTEM32\CRYPTBASE.dll
0x00007ff9c9d80000 - 0x00007ff9c9d99000 	C:\Windows\SYSTEM32\dhcpcsvc6.DLL
0x00007ff9c9d10000 - 0x00007ff9c9d2f000 	C:\Windows\SYSTEM32\dhcpcsvc.DLL
0x00007ff9ccc70000 - 0x00007ff9ccd1b000 	C:\Windows\system32\uxtheme.dll
0x00007ff9670b0000 - 0x00007ff9671e9000 	C:\ProgramData\A-Volute\A-Volute.Nahimic\Modules\Scheduled\x64\AudioDevProps2.dll
0x00007ff9d2e80000 - 0x00007ff9d3020000 	C:\Windows\System32\ole32.dll
0x00007ff9d2c10000 - 0x00007ff9d2d5f000 	C:\Windows\System32\MSCTF.dll
0x00007ff9ccdf0000 - 0x00007ff9cce1b000 	C:\Windows\system32\DWMAPI.DLL
0x00007ff983bd0000 - 0x00007ff983cd0000 	C:\Windows\system32\opengl32.dll
0x00007ff98ac70000 - 0x00007ff98ac9d000 	C:\Windows\SYSTEM32\GLU32.dll
0x00007ff9cdc50000 - 0x00007ff9cdc86000 	C:\Windows\SYSTEM32\dxcore.dll
0x00007ff939d60000 - 0x00007ff939de6000 	D:\WORK\SOFTWARES\CubeMX\CubeMX\jre\bin\freetype.dll
0x00007ff9332f0000 - 0x00007ff9333b5000 	D:\WORK\SOFTWARES\CubeMX\CubeMX\jre\bin\fontmanager.dll
0x00007ff9c6b40000 - 0x00007ff9c6b50000 	D:\WORK\SOFTWARES\CubeMX\CubeMX\jre\bin\verify.dll
0x00007ff9c1f50000 - 0x00007ff9c1f59000 	D:\WORK\SOFTWARES\CubeMX\CubeMX\jre\bin\prefs.dll
0x00007ff9c05b0000 - 0x00007ff9c05be000 	D:\WORK\SOFTWARES\CubeMX\CubeMX\jre\bin\sunmscapi.dll
0x00007ff9d0ca0000 - 0x00007ff9d0e06000 	C:\Windows\System32\CRYPT32.dll
0x00007ff9d01f0000 - 0x00007ff9d021d000 	C:\Windows\SYSTEM32\ncrypt.dll
0x00007ff9d01b0000 - 0x00007ff9d01e7000 	C:\Windows\SYSTEM32\NTASN1.dll
0x00007ff9d0650000 - 0x00007ff9d0662000 	C:\Windows\SYSTEM32\MSASN1.dll
0x00007ff9cfe90000 - 0x00007ff9cfeb6000 	C:\Windows\SYSTEM32\gpapi.dll
0x00007ff968390000 - 0x00007ff9683bd000 	D:\WORK\SOFTWARES\CubeMX\CubeMX\jre\bin\javajpeg.dll
0x00007ff9d31a0000 - 0x00007ff9d3250000 	C:\Windows\System32\clbcatq.dll
0x00007ff9cc060000 - 0x00007ff9cc210000 	C:\Windows\SYSTEM32\WindowsCodecs.dll
0x00007ff98ae00000 - 0x00007ff98ae5e000 	C:\Windows\system32\dataexchange.dll
0x00007ff9c6410000 - 0x00007ff9c6695000 	C:\Windows\system32\twinapi.appcore.dll
0x00007ff9c69f0000 - 0x00007ff9c6b3a000 	C:\Windows\SYSTEM32\textinputframework.dll
0x00007ff996770000 - 0x00007ff9967d9000 	C:\Windows\system32\Oleacc.dll
0x00007ff920210000 - 0x00007ff920303000 	C:\Users\extre\.stm32cubemx\.jxbrowser-7.30.2\Chromium\toolkit64.dll
0x00007ff91a000000 - 0x00007ff91a0f8000 	C:\Users\extre\.stm32cubemx\.jxbrowser-7.30.2\Chromium\ipc64.dll

dbghelp: loaded successfully - version: 4.0.5 - missing functions: none
symbol engine: initialized successfully - sym options: 0x614 - pdb path: .;D:\WORK\SOFTWARES\CubeMX\CubeMX\jre\bin;C:\Windows\SYSTEM32;C:\Windows\WinSxS\amd64_microsoft.windows.common-controls_6595b64144ccf1df_6.0.22621.2506_none_270c5ae97388e100;D:\WORK\SOFTWARES\CubeMX\CubeMX\jre\bin\server;C:\Program Files\Bonjour;C:\ProgramData\A-Volute\A-Volute.Nahimic\Modules\Scheduled\x64;C:\Users\extre\.stm32cubemx\.jxbrowser-7.30.2\Chromium

VM Arguments:
jvm_args: -Djavax.net.ssl.trustStoreType=WINDOWS-ROOT 
java_command: com.st.microxplorer.maingui.STM32CubeMX D:\WORK\D-Gripper\newGitRepo\Hardware_Driver\N20\STM32\STM32.ioc
java_class_path (initial): D:\WORK\SOFTWARES\CubeMX\CubeMX\STM32CubeMX.exe;anything
Launcher Type: SUN_STANDARD

[Global flags]
     intx CICompilerCount                          = 12                                        {product} {ergonomic}
     uint ConcGCThreads                            = 3                                         {product} {ergonomic}
     uint G1ConcRefinementThreads                  = 13                                        {product} {ergonomic}
   size_t G1HeapRegionSize                         = 2097152                                   {product} {ergonomic}
    uintx GCDrainStackTargetSize                   = 64                                        {product} {ergonomic}
   size_t InitialHeapSize                          = 264241152                                 {product} {ergonomic}
   size_t MarkStackSize                            = 4194304                                   {product} {ergonomic}
   size_t MaxHeapSize                              = 4223664128                                {product} {ergonomic}
   size_t MaxNewSize                               = 2533359616                                {product} {ergonomic}
   size_t MinHeapDeltaBytes                        = 2097152                                   {product} {ergonomic}
   size_t MinHeapSize                              = 8388608                                   {product} {ergonomic}
    uintx NonNMethodCodeHeapSize                   = 7602480                                {pd product} {ergonomic}
    uintx NonProfiledCodeHeapSize                  = 122027880                              {pd product} {ergonomic}
    uintx ProfiledCodeHeapSize                     = 122027880                              {pd product} {ergonomic}
    uintx ReservedCodeCacheSize                    = 251658240                              {pd product} {ergonomic}
     bool SegmentedCodeCache                       = true                                      {product} {ergonomic}
   size_t SoftMaxHeapSize                          = 4223664128                             {manageable} {ergonomic}
     bool UseCompressedClassPointers               = true                           {product lp64_product} {ergonomic}
     bool UseCompressedOops                        = true                           {product lp64_product} {ergonomic}
     bool UseG1GC                                  = true                                      {product} {ergonomic}
     bool UseLargePagesIndividualAllocation        = false                                  {pd product} {ergonomic}

Logging:
Log output configuration:
 #0: stdout all=warning uptime,level,tags
 #1: stderr all=off uptime,level,tags

Environment Variables:
PATH=D:\WORK\SOFTWARES\CubeMX\CubeMX\;C:\Program Files\Common Files\Oracle\Java\javapath;C:\Windows\system32;C:\Windows;C:\Windows\System32\Wbem;C:\Windows\System32\WindowsPowerShell\v1.0\;C:\Windows\System32\OpenSSH\;C:\Program Files (x86)\NVIDIA Corporation\PhysX\Common;C:\Program Files\NVIDIA Corporation\NVIDIA NvDLISR;D:\CODE\Blog\Node\;D:\CODE\Blog\Git\Git\cmd;C:\Program Files\Microsoft SQL Server\Client SDK\ODBC\170\Tools\Binn\;C:\Program Files (x86)\Microsoft SQL Server\150\Tools\Binn\;C:\Program Files\Microsoft SQL Server\150\Tools\Binn\;C:\Program Files\Microsoft SQL Server\150\DTS\Binn\;C:\Program Files (x86)\Windows Kits\8.1\Windows Performance Toolkit\;C:\Program Files\dotnet\;D:\CODE\VScode\mingw64\bin;D:\CODE\Matlab\runtime\win64;D:\CODE\Matlab\bin;C:\Users\extre\AppData\Local\Microsoft\WindowsApps;D:\CODE\VScode\Microsoft VS Code\bin;C:\Users\extre\AppData\Roaming\npm;D:\CODE\Pycharm\PyCharm Community Edition 2023.2\bin;;D:\CODE\VScode\mingw64\bin;D:\CODE\CMake\bin;D:\CODE\CMake\w64devkit\bin;;D:\WORK\SOFTWARES\CubeMX\CubeMX\.\jre\\bin
USERNAME=extre
OS=Windows_NT
PROCESSOR_IDENTIFIER=Intel64 Family 6 Model 186 Stepping 2, GenuineIntel
TMP=C:\Users\extre\AppData\Local\Temp
TEMP=C:\Users\extre\AppData\Local\Temp



---------------  S Y S T E M  ---------------

OS:
 Windows 11 , 64 bit Build 22621 (10.0.22621.2506)
OS uptime: 3 days 1:25 hours

CPU: total 16 (initial active 16) (8 cores per cpu, 2 threads per core) family 6 model 186 stepping 2 microcode 0x411c, cx8, cmov, fxsr, ht, mmx, 3dnowpref, sse, sse2, sse3, ssse3, sse4.1, sse4.2, popcnt, lzcnt, tsc, tscinvbit, avx, avx2, aes, erms, clmul, bmi1, bmi2, adx, sha, fma, vzeroupper, clflush, clflushopt, clwb

Memory: 4k page, system-wide physical 16107M (3017M free)
TotalPageFile size 31467M (AvailPageFile size 8M)
current process WorkingSet (physical memory assigned to process): 381M, peak: 391M
current process commit charge ("private bytes"): 429M, peak: 467M

vm_info: OpenJDK 64-Bit Server VM (17.0.6+10) for windows-amd64 JRE (17.0.6+10), built on Jan 18 2023 10:08:59 by "temurin" with MS VC++ 16.7 (VS2019)

END.
