UG to STEP
! INFO-     NX STEP AP242 - V2007
! INFO-      
! INFO-     Start of Translation: 6-JAN-2024  3:56:36 PM
! INFO-      
! STATUS-   Converting Part: E:\Note\Study\DGripper\model\prt\sensor_base.prt
! STATUS-    
! STATUS-   Converting to Output Form (Phase 2 of 3): 6-JAN-2024 3:56:36 PM
! STATUS-    
! INFO-     Bspline aprx. value in effect for this translation :0.000025  meters 
! INFO-      
! INFO-           Summary of STEP Entities 
! INFO-      
! INFO-     Entity Type                                                   Count 
! INFO-     -----------                                                   ------ 
! INFO-     advanced_brep_shape_representation .......................:   1 
! INFO-     advanced_face ............................................:   139 
! INFO-     application_context ......................................:   1 
! INFO-     application_protocol_definition ..........................:   1 
! INFO-     axis2_placement_3d .......................................:   419 
! INFO-     b_spline_curve_with_knots ................................:   4 
! INFO-     b_spline_curve_with_knots_and_rational_b_spline_curve ....:   2 
! INFO-     camera_model_d3 ..........................................:   8 
! INFO-     cartesian_point ..........................................:   1121 
! INFO-     circle ...................................................:   263 
! INFO-     closed_shell .............................................:   1 
! INFO-     colour_rgb ...............................................:   2 
! INFO-     complex_triangulated_face ................................:   507 
! INFO-     coordinates_list .........................................:   1 
! INFO-     curve_style ..............................................:   348 
! INFO-     cylindrical_surface ......................................:   63 
! INFO-     default_model_geometric_view .............................:   1 
! INFO-     direction ................................................:   1245 
! INFO-     draughting_model .........................................:   9 
! INFO-     draughting_pre_defined_colour ............................:   1 
! INFO-     draughting_pre_defined_curve_font ........................:   348 
! INFO-     edge_curve ...............................................:   328 
! INFO-     edge_loop ................................................:   240 
! INFO-     face_bound ...............................................:   240 
! INFO-     fill_area_style ..........................................:   646 
! INFO-     fill_area_style_colour ...................................:   646 
! INFO-     geometrically_bounded_wireframe_shape_representation .....:   1 
! INFO-     geometric_curve_set ......................................:   119 
! INFO-     geometric_representation_context_and_global_uncertainty_a :   1 
! INFO-     length_unit_and_si_unit ..................................:   1 
! INFO-     line .....................................................:   407 
! INFO-     manifold_solid_brep ......................................:   1 
! INFO-     mapped_item ..............................................:   9 
! INFO-     mechanical_design_and_draughting_relationship ............:   8 
! INFO-     mechanical_design_geometric_presentation_representation ..:   1 
! INFO-     oriented_edge ............................................:   656 
! INFO-     planar_box ...............................................:   8 
! INFO-     plane ....................................................:   72 
! INFO-     plane_angle_unit_and_si_unit .............................:   1 
! INFO-     presentation_style_assignment ............................:   994 
! INFO-     product ..................................................:   1 
! INFO-     product_category .........................................:   1 
! INFO-     product_context ..........................................:   1 
! INFO-     product_definition .......................................:   1 
! INFO-     product_definition_context ...............................:   1 
! INFO-     product_definition_formation_with_specified_source .......:   1 
! INFO-     product_definition_shape .................................:   1 
! INFO-     product_related_product_category .........................:   1 
! INFO-     representation_map .......................................:   9 
! INFO-     shape_definition_representation ..........................:   1 
! INFO-     shape_representation .....................................:   1 
! INFO-     shape_representation_relationship ........................:   3 
! INFO-     si_unit_and_solid_angle_unit .............................:   1 
! INFO-     styled_item ..............................................:   994 
! INFO-     surface_side_style .......................................:   646 
! INFO-     surface_style_fill_area ..................................:   646 
! INFO-     surface_style_usage ......................................:   646 
! INFO-     tessellated_connecting_edge ..............................:   1305 
! INFO-     tessellated_shape_representation .........................:   1 
! INFO-     tessellated_solid ........................................:   1 
! INFO-     toroidal_surface .........................................:   4 
! INFO-     trimmed_curve ............................................:   348 
! INFO-     uncertainty_measure_with_unit ............................:   1 
! INFO-     vector ...................................................:   407 
! INFO-     vertex_point .............................................:   244 
! INFO-     view_volume ..............................................:   8 
! INFO-                                                                  ------- 
! INFO-     Total                                                         14138 
! INFO-      
! INFO-     End of Translation: 6-JAN-2024  3:56:41 PM
! INFO-      
