UG to STEP
! INFO-     NX STEP AP242 - V2007
! INFO-      
! INFO-     Start of Translation: 12-JAN-2024  12:51:33 AM
! INFO-      
! STATUS-   Converting Part: E:\Note\Study\DGripper\model\prt\sensor_base.prt
! STATUS-    
! STATUS-   Converting to Output Form (Phase 2 of 3): 12-JAN-2024 12:51:33 AM
! STATUS-    
! INFO-     Bspline aprx. value in effect for this translation :0.000025  meters 
! INFO-      
! INFO-           Summary of STEP Entities 
! INFO-      
! INFO-     Entity Type                                                   Count 
! INFO-     -----------                                                   ------ 
! INFO-     application_context ......................................:   1 
! INFO-     application_protocol_definition ..........................:   1 
! INFO-     axis2_placement_3d .......................................:   121 
! INFO-     b_spline_curve_with_knots_and_rational_b_spline_curve ....:   2 
! INFO-     camera_model_d3 ..........................................:   8 
! INFO-     cartesian_point ..........................................:   377 
! INFO-     circle ...................................................:   104 
! INFO-     colour_rgb ...............................................:   2 
! INFO-     complex_triangulated_face ................................:   395 
! INFO-     coordinates_list .........................................:   1 
! INFO-     curve_style ..............................................:   310 
! INFO-     default_model_geometric_view .............................:   1 
! INFO-     direction ................................................:   446 
! INFO-     draughting_model .........................................:   9 
! INFO-     draughting_pre_defined_colour ............................:   1 
! INFO-     draughting_pre_defined_curve_font ........................:   310 
! INFO-     fill_area_style ..........................................:   395 
! INFO-     fill_area_style_colour ...................................:   395 
! INFO-     geometrically_bounded_wireframe_shape_representation .....:   1 
! INFO-     geometric_curve_set ......................................:   125 
! INFO-     geometric_representation_context_and_global_uncertainty_a :   1 
! INFO-     length_unit_and_si_unit ..................................:   1 
! INFO-     line .....................................................:   204 
! INFO-     mapped_item ..............................................:   9 
! INFO-     mechanical_design_and_draughting_relationship ............:   8 
! INFO-     mechanical_design_geometric_presentation_representation ..:   1 
! INFO-     planar_box ...............................................:   8 
! INFO-     plane_angle_unit_and_si_unit .............................:   1 
! INFO-     presentation_style_assignment ............................:   705 
! INFO-     product ..................................................:   1 
! INFO-     product_category .........................................:   1 
! INFO-     product_context ..........................................:   1 
! INFO-     product_definition .......................................:   1 
! INFO-     product_definition_context ...............................:   1 
! INFO-     product_definition_formation_with_specified_source .......:   1 
! INFO-     product_definition_shape .................................:   1 
! INFO-     product_related_product_category .........................:   1 
! INFO-     representation_map .......................................:   9 
! INFO-     shape_definition_representation ..........................:   1 
! INFO-     shape_representation .....................................:   1 
! INFO-     shape_representation_relationship ........................:   2 
! INFO-     si_unit_and_solid_angle_unit .............................:   1 
! INFO-     styled_item ..............................................:   705 
! INFO-     surface_side_style .......................................:   395 
! INFO-     surface_style_fill_area ..................................:   395 
! INFO-     surface_style_usage ......................................:   395 
! INFO-     tessellated_connecting_edge ..............................:   975 
! INFO-     tessellated_shape_representation .........................:   1 
! INFO-     tessellated_solid ........................................:   1 
! INFO-     trimmed_curve ............................................:   310 
! INFO-     uncertainty_measure_with_unit ............................:   1 
! INFO-     vector ...................................................:   204 
! INFO-     view_volume ..............................................:   8 
! INFO-                                                                  ------- 
! INFO-     Total                                                         7355 
! INFO-      
! INFO-     End of Translation: 12-JAN-2024  12:51:34 AM
! INFO-      
